<?xml version="1.0" encoding="UTF-8"?>
<!-- Generated by org.testng.reporters.JUnitReportReporter -->
<testsuite hostname="DESKTOP-5IFJJ3K" failures="0" tests="1" name="com.example.testing.NewTest" time="0.011" errors="0" timestamp="2023-06-02T10:02:41 IST" skipped="0">
  <testcase classname="com.example.testing.NewTest" name="f" time="0.011"/>
  <system-out/>
</testsuite> <!-- com.example.testing.NewTest -->
