<?xml version="1.0" encoding="UTF-8"?>
<!-- Generated by org.testng.reporters.JUnitReportReporter -->
<testsuite hostname="DESKTOP-5IFJJ3K" failures="0" tests="4" name="com.testing.Calculator" time="0.014" errors="0" timestamp="2023-06-02T11:45:54 IST" skipped="0">
  <testcase classname="com.testing.Calculator" name="add" time="0.011"/>
  <system-out/>
  <testcase classname="com.testing.Calculator" name="sub" time="0.001"/>
  <system-out/>
  <testcase classname="com.testing.Calculator" name="mul" time="0.001"/>
  <system-out/>
  <testcase classname="com.testing.Calculator" name="div" time="0.001"/>
  <system-out/>
</testsuite> <!-- com.testing.Calculator -->
