<?xml version="1.0" encoding="UTF-8"?>
<!-- Generated by org.testng.reporters.JUnitReportReporter -->
<testsuite hostname="DESKTOP-5IFJJ3K" failures="0" tests="1" name="com.testing.Day7_3" time="41.026" errors="0" timestamp="2023-06-02T14:48:25 IST" skipped="0">
  <testcase classname="com.testing.Day7_3" name="underMethod" time="41.026"/>
  <system-out/>
</testsuite> <!-- com.testing.Day7_3 -->
