<?xml version="1.0" encoding="UTF-8"?>
<!-- Generated by org.testng.reporters.JUnitReportReporter -->
<testsuite hostname="DESKTOP-5IFJJ3K" failures="0" tests="1" name="com.testing.NewTest" time="0.008" errors="0" timestamp="2023-06-02T10:11:19 IST" skipped="0">
  <testcase classname="com.testing.NewTest" name="executeURL" time="0.008"/>
  <system-out/>
</testsuite> <!-- com.testing.NewTest -->
